{
  "meta": {
    "format": 3,
    "version": "7.11.0",
    "timestamp": "2025-12-03T10:31:16.995810",
    "branch_coverage": false,
    "show_contexts": false
  },
  "files": {
    "url-shortener/api/__init__.py": {
      "executed_lines": [
        1,
        3,
        5,
        9
      ],
      "summary": {
        "covered_lines": 4,
        "num_statements": 4,
        "percent_covered": 100.0,
        "percent_covered_display": "100",
        "missing_lines": 0,
        "excluded_lines": 0
      },
      "missing_lines": [],
      "excluded_lines": [],
      "functions": {
        "": {
          "executed_lines": [
            1,
            3,
            5,
            9
          ],
          "summary": {
            "covered_lines": 4,
            "num_statements": 4,
            "percent_covered": 100.0,
            "percent_covered_display": "100",
            "missing_lines": 0,
            "excluded_lines": 0
          },
          "missing_lines": [],
          "excluded_lines": []
        }
      },
      "classes": {
        "": {
          "executed_lines": [
            1,
            3,
            5,
            9
          ],
          "summary": {
            "covered_lines": 4,
            "num_statements": 4,
            "percent_covered": 100.0,
            "percent_covered_display": "100",
            "missing_lines": 0,
            "excluded_lines": 0
          },
          "missing_lines": [],
          "excluded_lines": []
        }
      }
    },
    "url-shortener/api/api_v1/__init__.py": {
      "executed_lines": [
        1,
        3,
        5,
        9
      ],
      "summary": {
        "covered_lines": 4,
        "num_statements": 4,
        "percent_covered": 100.0,
        "percent_covered_display": "100",
        "missing_lines": 0,
        "excluded_lines": 0
      },
      "missing_lines": [],
      "excluded_lines": [],
      "functions": {
        "": {
          "executed_lines": [
            1,
            3,
            5,
            9
          ],
          "summary": {
            "covered_lines": 4,
            "num_statements": 4,
            "percent_covered": 100.0,
            "percent_covered_display": "100",
            "missing_lines": 0,
            "excluded_lines": 0
          },
          "missing_lines": [],
          "excluded_lines": []
        }
      },
      "classes": {
        "": {
          "executed_lines": [
            1,
            3,
            5,
            9
          ],
          "summary": {
            "covered_lines": 4,
            "num_statements": 4,
            "percent_covered": 100.0,
            "percent_covered_display": "100",
            "missing_lines": 0,
            "excluded_lines": 0
          },
          "missing_lines": [],
          "excluded_lines": []
        }
      }
    },
    "url-shortener/api/api_v1/auth/__init__.py": {
      "executed_lines": [
        0
      ],
      "summary": {
        "covered_lines": 0,
        "num_statements": 0,
        "percent_covered": 100.0,
        "percent_covered_display": "100",
        "missing_lines": 0,
        "excluded_lines": 0
      },
      "missing_lines": [],
      "excluded_lines": [],
      "functions": {
        "": {
          "executed_lines": [],
          "summary": {
            "covered_lines": 0,
            "num_statements": 0,
            "percent_covered": 100.0,
            "percent_covered_display": "100",
            "missing_lines": 0,
            "excluded_lines": 0
          },
          "missing_lines": [],
          "excluded_lines": []
        }
      },
      "classes": {
        "": {
          "executed_lines": [],
          "summary": {
            "covered_lines": 0,
            "num_statements": 0,
            "percent_covered": 100.0,
            "percent_covered_display": "100",
            "missing_lines": 0,
            "excluded_lines": 0
          },
          "missing_lines": [],
          "excluded_lines": []
        }
      }
    },
    "url-shortener/api/api_v1/auth/services/__init__.py": {
      "executed_lines": [
        1,
        5,
        6
      ],
      "summary": {
        "covered_lines": 3,
        "num_statements": 3,
        "percent_covered": 100.0,
        "percent_covered_display": "100",
        "missing_lines": 0,
        "excluded_lines": 0
      },
      "missing_lines": [],
      "excluded_lines": [],
      "functions": {
        "": {
          "executed_lines": [
            1,
            5,
            6
          ],
          "summary": {
            "covered_lines": 3,
            "num_statements": 3,
            "percent_covered": 100.0,
            "percent_covered_display": "100",
            "missing_lines": 0,
            "excluded_lines": 0
          },
          "missing_lines": [],
          "excluded_lines": []
        }
      },
      "classes": {
        "": {
          "executed_lines": [
            1,
            5,
            6
          ],
          "summary": {
            "covered_lines": 3,
            "num_statements": 3,
            "percent_covered": 100.0,
            "percent_covered_display": "100",
            "missing_lines": 0,
            "excluded_lines": 0
          },
          "missing_lines": [],
          "excluded_lines": []
        }
      }
    },
    "url-shortener/api/api_v1/auth/services/redis_tokens_helper.py": {
      "executed_lines": [
        1,
        3,
        5,
        7,
        8,
        11,
        12,
        19,
        25,
        27,
        28,
        35,
        36,
        38,
        41,
        42,
        45
      ],
      "summary": {
        "covered_lines": 17,
        "num_statements": 18,
        "percent_covered": 94.44444444444444,
        "percent_covered_display": "94",
        "missing_lines": 1,
        "excluded_lines": 0
      },
      "missing_lines": [
        39
      ],
      "excluded_lines": [],
      "functions": {
        "RedisTokensHelper.__init__": {
          "executed_lines": [
            19,
            25
          ],
          "summary": {
            "covered_lines": 2,
            "num_statements": 2,
            "percent_covered": 100.0,
            "percent_covered_display": "100",
            "missing_lines": 0,
            "excluded_lines": 0
          },
          "missing_lines": [],
          "excluded_lines": []
        },
        "RedisTokensHelper.token_exists": {
          "executed_lines": [
            28
          ],
          "summary": {
            "covered_lines": 1,
            "num_statements": 1,
            "percent_covered": 100.0,
            "percent_covered_display": "100",
            "missing_lines": 0,
            "excluded_lines": 0
          },
          "missing_lines": [],
          "excluded_lines": []
        },
        "RedisTokensHelper.add_token": {
          "executed_lines": [
            36
          ],
          "summary": {
            "covered_lines": 1,
            "num_statements": 1,
            "percent_covered": 100.0,
            "percent_covered_display": "100",
            "missing_lines": 0,
            "excluded_lines": 0
          },
          "missing_lines": [],
          "excluded_lines": []
        },
        "RedisTokensHelper.get_tokens": {
          "executed_lines": [],
          "summary": {
            "covered_lines": 0,
            "num_statements": 1,
            "percent_covered": 0.0,
            "percent_covered_display": "0",
            "missing_lines": 1,
            "excluded_lines": 0
          },
          "missing_lines": [
            39
          ],
          "excluded_lines": []
        },
        "RedisTokensHelper.delete_token": {
          "executed_lines": [
            42
          ],
          "summary": {
            "covered_lines": 1,
            "num_statements": 1,
            "percent_covered": 100.0,
            "percent_covered_display": "100",
            "missing_lines": 0,
            "excluded_lines": 0
          },
          "missing_lines": [],
          "excluded_lines": []
        },
        "": {
          "executed_lines": [
            1,
            3,
            5,
            7,
            8,
            11,
            12,
            27,
            35,
            38,
            41,
            45
          ],
          "summary": {
            "covered_lines": 12,
            "num_statements": 12,
            "percent_covered": 100.0,
            "percent_covered_display": "100",
            "missing_lines": 0,
            "excluded_lines": 0
          },
          "missing_lines": [],
          "excluded_lines": []
        }
      },
      "classes": {
        "RedisTokensHelper": {
          "executed_lines": [
            19,
            25,
            28,
            36,
            42
          ],
          "summary": {
            "covered_lines": 5,
            "num_statements": 6,
            "percent_covered": 83.33333333333333,
            "percent_covered_display": "83",
            "missing_lines": 1,
            "excluded_lines": 0
          },
          "missing_lines": [
            39
          ],
          "excluded_lines": []
        },
        "": {
          "executed_lines": [
            1,
            3,
            5,
            7,
            8,
            11,
            12,
            27,
            35,
            38,
            41,
            45
          ],
          "summary": {
            "covered_lines": 12,
            "num_statements": 12,
            "percent_covered": 100.0,
            "percent_covered_display": "100",
            "missing_lines": 0,
            "excluded_lines": 0
          },
          "missing_lines": [],
          "excluded_lines": []
        }
      }
    },
    "url-shortener/api/api_v1/auth/services/redis_users_helper.py": {
      "executed_lines": [
        1,
        3,
        5,
        6,
        9,
        10,
        16,
        23,
        33
      ],
      "summary": {
        "covered_lines": 9,
        "num_statements": 10,
        "percent_covered": 90.0,
        "percent_covered_display": "90",
        "missing_lines": 1,
        "excluded_lines": 0
      },
      "missing_lines": [
        27
      ],
      "excluded_lines": [],
      "functions": {
        "RedisUsersHelper.__init__": {
          "executed_lines": [
            16
          ],
          "summary": {
            "covered_lines": 1,
            "num_statements": 1,
            "percent_covered": 100.0,
            "percent_covered_display": "100",
            "missing_lines": 0,
            "excluded_lines": 0
          },
          "missing_lines": [],
          "excluded_lines": []
        },
        "RedisUsersHelper.get_user_password": {
          "executed_lines": [],
          "summary": {
            "covered_lines": 0,
            "num_statements": 1,
            "percent_covered": 0.0,
            "percent_covered_display": "0",
            "missing_lines": 1,
            "excluded_lines": 0
          },
          "missing_lines": [
            27
          ],
          "excluded_lines": []
        },
        "": {
          "executed_lines": [
            1,
            3,
            5,
            6,
            9,
            10,
            23,
            33
          ],
          "summary": {
            "covered_lines": 8,
            "num_statements": 8,
            "percent_covered": 100.0,
            "percent_covered_display": "100",
            "missing_lines": 0,
            "excluded_lines": 0
          },
          "missing_lines": [],
          "excluded_lines": []
        }
      },
      "classes": {
        "RedisUsersHelper": {
          "executed_lines": [
            16
          ],
          "summary": {
            "covered_lines": 1,
            "num_statements": 2,
            "percent_covered": 50.0,
            "percent_covered_display": "50",
            "missing_lines": 1,
            "excluded_lines": 0
          },
          "missing_lines": [
            27
          ],
          "excluded_lines": []
        },
        "": {
          "executed_lines": [
            1,
            3,
            5,
            6,
            9,
            10,
            23,
            33
          ],
          "summary": {
            "covered_lines": 8,
            "num_statements": 8,
            "percent_covered": 100.0,
            "percent_covered_display": "100",
            "missing_lines": 0,
            "excluded_lines": 0
          },
          "missing_lines": [],
          "excluded_lines": []
        }
      }
    },
    "url-shortener/api/api_v1/auth/services/tokens_helper.py": {
      "executed_lines": [
        1,
        2,
        5,
        6,
        13,
        14,
        25,
        26,
        37,
        38,
        39,
        41,
        42,
        43,
        44,
        46,
        47,
        55,
        56
      ],
      "summary": {
        "covered_lines": 18,
        "num_statements": 18,
        "percent_covered": 100.0,
        "percent_covered_display": "100",
        "missing_lines": 0,
        "excluded_lines": 0
      },
      "missing_lines": [],
      "excluded_lines": [],
      "functions": {
        "AbstractTokensHelper.token_exists": {
          "executed_lines": [],
          "summary": {
            "covered_lines": 0,
            "num_statements": 0,
            "percent_covered": 100.0,
            "percent_covered_display": "100",
            "missing_lines": 0,
            "excluded_lines": 0
          },
          "missing_lines": [],
          "excluded_lines": []
        },
        "AbstractTokensHelper.add_token": {
          "executed_lines": [],
          "summary": {
            "covered_lines": 0,
            "num_statements": 0,
            "percent_covered": 100.0,
            "percent_covered_display": "100",
            "missing_lines": 0,
            "excluded_lines": 0
          },
          "missing_lines": [],
          "excluded_lines": []
        },
        "AbstractTokensHelper.generate_token": {
          "executed_lines": [
            39
          ],
          "summary": {
            "covered_lines": 1,
            "num_statements": 1,
            "percent_covered": 100.0,
            "percent_covered_display": "100",
            "missing_lines": 0,
            "excluded_lines": 0
          },
          "missing_lines": [],
          "excluded_lines": []
        },
        "AbstractTokensHelper.generate_and_save_token": {
          "executed_lines": [
            42,
            43,
            44
          ],
          "summary": {
            "covered_lines": 3,
            "num_statements": 3,
            "percent_covered": 100.0,
            "percent_covered_display": "100",
            "missing_lines": 0,
            "excluded_lines": 0
          },
          "missing_lines": [],
          "excluded_lines": []
        },
        "AbstractTokensHelper.get_tokens": {
          "executed_lines": [],
          "summary": {
            "covered_lines": 0,
            "num_statements": 0,
            "percent_covered": 100.0,
            "percent_covered_display": "100",
            "missing_lines": 0,
            "excluded_lines": 0
          },
          "missing_lines": [],
          "excluded_lines": []
        },
        "AbstractTokensHelper.delete_token": {
          "executed_lines": [],
          "summary": {
            "covered_lines": 0,
            "num_statements": 0,
            "percent_covered": 100.0,
            "percent_covered_display": "100",
            "missing_lines": 0,
            "excluded_lines": 0
          },
          "missing_lines": [],
          "excluded_lines": []
        },
        "": {
          "executed_lines": [
            1,
            2,
            5,
            6,
            13,
            14,
            25,
            26,
            37,
            38,
            41,
            46,
            47,
            55,
            56
          ],
          "summary": {
            "covered_lines": 14,
            "num_statements": 14,
            "percent_covered": 100.0,
            "percent_covered_display": "100",
            "missing_lines": 0,
            "excluded_lines": 0
          },
          "missing_lines": [],
          "excluded_lines": []
        }
      },
      "classes": {
        "AbstractTokensHelper": {
          "executed_lines": [
            39,
            42,
            43,
            44
          ],
          "summary": {
            "covered_lines": 4,
            "num_statements": 4,
            "percent_covered": 100.0,
            "percent_covered_display": "100",
            "missing_lines": 0,
            "excluded_lines": 0
          },
          "missing_lines": [],
          "excluded_lines": []
        },
        "": {
          "executed_lines": [
            1,
            2,
            5,
            6,
            13,
            14,
            25,
            26,
            37,
            38,
            41,
            46,
            47,
            55,
            56
          ],
          "summary": {
            "covered_lines": 14,
            "num_statements": 14,
            "percent_covered": 100.0,
            "percent_covered_display": "100",
            "missing_lines": 0,
            "excluded_lines": 0
          },
          "missing_lines": [],
          "excluded_lines": []
        }
      }
    },
    "url-shortener/api/api_v1/auth/services/users_helper.py": {
      "executed_lines": [
        1,
        4,
        5,
        11,
        12,
        24,
        25,
        35
      ],
      "summary": {
        "covered_lines": 7,
        "num_statements": 12,
        "percent_covered": 58.333333333333336,
        "percent_covered_display": "58",
        "missing_lines": 5,
        "excluded_lines": 0
      },
      "missing_lines": [
        33,
        46,
        47,
        48,
        49
      ],
      "excluded_lines": [],
      "functions": {
        "AbstractUsersHelper.get_user_password": {
          "executed_lines": [],
          "summary": {
            "covered_lines": 0,
            "num_statements": 0,
            "percent_covered": 100.0,
            "percent_covered_display": "100",
            "missing_lines": 0,
            "excluded_lines": 0
          },
          "missing_lines": [],
          "excluded_lines": []
        },
        "AbstractUsersHelper.check_passwords_math": {
          "executed_lines": [],
          "summary": {
            "covered_lines": 0,
            "num_statements": 1,
            "percent_covered": 0.0,
            "percent_covered_display": "0",
            "missing_lines": 1,
            "excluded_lines": 0
          },
          "missing_lines": [
            33
          ],
          "excluded_lines": []
        },
        "AbstractUsersHelper.validate_user_password": {
          "executed_lines": [],
          "summary": {
            "covered_lines": 0,
            "num_statements": 4,
            "percent_covered": 0.0,
            "percent_covered_display": "0",
            "missing_lines": 4,
            "excluded_lines": 0
          },
          "missing_lines": [
            46,
            47,
            48,
            49
          ],
          "excluded_lines": []
        },
        "": {
          "executed_lines": [
            1,
            4,
            5,
            11,
            12,
            24,
            25,
            35
          ],
          "summary": {
            "covered_lines": 7,
            "num_statements": 7,
            "percent_covered": 100.0,
            "percent_covered_display": "100",
            "missing_lines": 0,
            "excluded_lines": 0
          },
          "missing_lines": [],
          "excluded_lines": []
        }
      },
      "classes": {
        "AbstractUsersHelper": {
          "executed_lines": [],
          "summary": {
            "covered_lines": 0,
            "num_statements": 5,
            "percent_covered": 0.0,
            "percent_covered_display": "0",
            "missing_lines": 5,
            "excluded_lines": 0
          },
          "missing_lines": [
            33,
            46,
            47,
            48,
            49
          ],
          "excluded_lines": []
        },
        "": {
          "executed_lines": [
            1,
            4,
            5,
            11,
            12,
            24,
            25,
            35
          ],
          "summary": {
            "covered_lines": 7,
            "num_statements": 7,
            "percent_covered": 100.0,
            "percent_covered_display": "100",
            "missing_lines": 0,
            "excluded_lines": 0
          },
          "missing_lines": [],
          "excluded_lines": []
        }
      }
    },
    "url-shortener/api/api_v1/short_url/__init__.py": {
      "executed_lines": [
        0
      ],
      "summary": {
        "covered_lines": 0,
        "num_statements": 0,
        "percent_covered": 100.0,
        "percent_covered_display": "100",
        "missing_lines": 0,
        "excluded_lines": 0
      },
      "missing_lines": [],
      "excluded_lines": [],
      "functions": {
        "": {
          "executed_lines": [],
          "summary": {
            "covered_lines": 0,
            "num_statements": 0,
            "percent_covered": 100.0,
            "percent_covered_display": "100",
            "missing_lines": 0,
            "excluded_lines": 0
          },
          "missing_lines": [],
          "excluded_lines": []
        }
      },
      "classes": {
        "": {
          "executed_lines": [],
          "summary": {
            "covered_lines": 0,
            "num_statements": 0,
            "percent_covered": 100.0,
            "percent_covered_display": "100",
            "missing_lines": 0,
            "excluded_lines": 0
          },
          "missing_lines": [],
          "excluded_lines": []
        }
      }
    },
    "url-shortener/api/api_v1/short_url/crud.py": {
      "executed_lines": [
        1,
        3,
        4,
        5,
        7,
        8,
        10,
        11,
        18,
        20,
        28,
        29,
        34,
        35,
        40,
        42,
        43,
        49,
        50,
        58,
        59,
        63,
        64,
        68,
        69,
        77,
        78,
        81,
        82,
        83,
        85,
        86,
        87,
        89,
        91,
        92,
        97,
        98,
        100,
        105,
        106,
        107,
        108,
        110,
        115,
        116,
        117,
        118,
        121
      ],
      "summary": {
        "covered_lines": 47,
        "num_statements": 48,
        "percent_covered": 97.91666666666667,
        "percent_covered_display": "98",
        "missing_lines": 1,
        "excluded_lines": 0
      },
      "missing_lines": [
        66
      ],
      "excluded_lines": [],
      "functions": {
        "ShortUrlsStorage.save_short_url": {
          "executed_lines": [
            43
          ],
          "summary": {
            "covered_lines": 1,
            "num_statements": 1,
            "percent_covered": 100.0,
            "percent_covered_display": "100",
            "missing_lines": 0,
            "excluded_lines": 0
          },
          "missing_lines": [],
          "excluded_lines": []
        },
        "ShortUrlsStorage.get": {
          "executed_lines": [
            50
          ],
          "summary": {
            "covered_lines": 1,
            "num_statements": 1,
            "percent_covered": 100.0,
            "percent_covered_display": "100",
            "missing_lines": 0,
            "excluded_lines": 0
          },
          "missing_lines": [],
          "excluded_lines": []
        },
        "ShortUrlsStorage.get_by_slug": {
          "executed_lines": [
            59,
            63,
            64
          ],
          "summary": {
            "covered_lines": 3,
            "num_statements": 4,
            "percent_covered": 75.0,
            "percent_covered_display": "75",
            "missing_lines": 1,
            "excluded_lines": 0
          },
          "missing_lines": [
            66
          ],
          "excluded_lines": []
        },
        "ShortUrlsStorage.exists": {
          "executed_lines": [
            69
          ],
          "summary": {
            "covered_lines": 1,
            "num_statements": 1,
            "percent_covered": 100.0,
            "percent_covered_display": "100",
            "missing_lines": 0,
            "excluded_lines": 0
          },
          "missing_lines": [],
          "excluded_lines": []
        },
        "ShortUrlsStorage.create": {
          "executed_lines": [
            78,
            81,
            82,
            83
          ],
          "summary": {
            "covered_lines": 4,
            "num_statements": 4,
            "percent_covered": 100.0,
            "percent_covered_display": "100",
            "missing_lines": 0,
            "excluded_lines": 0
          },
          "missing_lines": [],
          "excluded_lines": []
        },
        "ShortUrlsStorage.create_or_raise_if_exists": {
          "executed_lines": [
            86,
            87,
            89
          ],
          "summary": {
            "covered_lines": 3,
            "num_statements": 3,
            "percent_covered": 100.0,
            "percent_covered_display": "100",
            "missing_lines": 0,
            "excluded_lines": 0
          },
          "missing_lines": [],
          "excluded_lines": []
        },
        "ShortUrlsStorage.delete_by_slug": {
          "executed_lines": [
            92
          ],
          "summary": {
            "covered_lines": 1,
            "num_statements": 1,
            "percent_covered": 100.0,
            "percent_covered_display": "100",
            "missing_lines": 0,
            "excluded_lines": 0
          },
          "missing_lines": [],
          "excluded_lines": []
        },
        "ShortUrlsStorage.delete": {
          "executed_lines": [
            98
          ],
          "summary": {
            "covered_lines": 1,
            "num_statements": 1,
            "percent_covered": 100.0,
            "percent_covered_display": "100",
            "missing_lines": 0,
            "excluded_lines": 0
          },
          "missing_lines": [],
          "excluded_lines": []
        },
        "ShortUrlsStorage.update": {
          "executed_lines": [
            105,
            106,
            107,
            108
          ],
          "summary": {
            "covered_lines": 4,
            "num_statements": 4,
            "percent_covered": 100.0,
            "percent_covered_display": "100",
            "missing_lines": 0,
            "excluded_lines": 0
          },
          "missing_lines": [],
          "excluded_lines": []
        },
        "ShortUrlsStorage.update_partial": {
          "executed_lines": [
            115,
            116,
            117,
            118
          ],
          "summary": {
            "covered_lines": 4,
            "num_statements": 4,
            "percent_covered": 100.0,
            "percent_covered_display": "100",
            "missing_lines": 0,
            "excluded_lines": 0
          },
          "missing_lines": [],
          "excluded_lines": []
        },
        "": {
          "executed_lines": [
            1,
            3,
            4,
            5,
            7,
            8,
            10,
            11,
            18,
            20,
            28,
            29,
            34,
            35,
            40,
            42,
            49,
            58,
            68,
            77,
            85,
            91,
            97,
            100,
            110,
            121
          ],
          "summary": {
            "covered_lines": 24,
            "num_statements": 24,
            "percent_covered": 100.0,
            "percent_covered_display": "100",
            "missing_lines": 0,
            "excluded_lines": 0
          },
          "missing_lines": [],
          "excluded_lines": []
        }
      },
      "classes": {
        "ShortUrlBaseError": {
          "executed_lines": [],
          "summary": {
            "covered_lines": 0,
            "num_statements": 0,
            "percent_covered": 100.0,
            "percent_covered_display": "100",
            "missing_lines": 0,
            "excluded_lines": 0
          },
          "missing_lines": [],
          "excluded_lines": []
        },
        "ShortUrlAlreadyExistsError": {
          "executed_lines": [],
          "summary": {
            "covered_lines": 0,
            "num_statements": 0,
            "percent_covered": 100.0,
            "percent_covered_display": "100",
            "missing_lines": 0,
            "excluded_lines": 0
          },
          "missing_lines": [],
          "excluded_lines": []
        },
        "ShortUrlsStorage": {
          "executed_lines": [
            43,
            50,
            59,
            63,
            64,
            69,
            78,
            81,
            82,
            83,
            86,
            87,
            89,
            92,
            98,
            105,
            106,
            107,
            108,
            115,
            116,
            117,
            118
          ],
          "summary": {
            "covered_lines": 23,
            "num_statements": 24,
            "percent_covered": 95.83333333333333,
            "percent_covered_display": "96",
            "missing_lines": 1,
            "excluded_lines": 0
          },
          "missing_lines": [
            66
          ],
          "excluded_lines": []
        },
        "": {
          "executed_lines": [
            1,
            3,
            4,
            5,
            7,
            8,
            10,
            11,
            18,
            20,
            28,
            29,
            34,
            35,
            40,
            42,
            49,
            58,
            68,
            77,
            85,
            91,
            97,
            100,
            110,
            121
          ],
          "summary": {
            "covered_lines": 24,
            "num_statements": 24,
            "percent_covered": 100.0,
            "percent_covered_display": "100",
            "missing_lines": 0,
            "excluded_lines": 0
          },
          "missing_lines": [],
          "excluded_lines": []
        }
      }
    },
    "url-shortener/api/api_v1/short_url/dependencies.py": {
      "executed_lines": [
        1,
        2,
        4,
        9,
        10,
        17,
        20,
        22,
        24,
        26,
        28,
        34,
        41,
        44,
        45,
        46,
        53,
        56,
        59,
        66,
        84,
        100,
        114,
        125,
        128,
        130,
        131
      ],
      "summary": {
        "covered_lines": 27,
        "num_statements": 45,
        "percent_covered": 60.0,
        "percent_covered_display": "60",
        "missing_lines": 18,
        "excluded_lines": 0
      },
      "missing_lines": [
        47,
        60,
        73,
        74,
        75,
        76,
        77,
        81,
        87,
        91,
        93,
        107,
        108,
        110,
        111,
        126,
        129,
        133
      ],
      "excluded_lines": [],
      "functions": {
        "prefetch_short_url": {
          "executed_lines": [
            44,
            45,
            46
          ],
          "summary": {
            "covered_lines": 3,
            "num_statements": 4,
            "percent_covered": 75.0,
            "percent_covered_display": "75",
            "missing_lines": 1,
            "excluded_lines": 0
          },
          "missing_lines": [
            47
          ],
          "excluded_lines": []
        },
        "validate_api_token": {
          "executed_lines": [
            56,
            59
          ],
          "summary": {
            "covered_lines": 2,
            "num_statements": 3,
            "percent_covered": 66.66666666666667,
            "percent_covered_display": "67",
            "missing_lines": 1,
            "excluded_lines": 0
          },
          "missing_lines": [
            60
          ],
          "excluded_lines": []
        },
        "api_token_required_for_unsafe_methods": {
          "executed_lines": [],
          "summary": {
            "covered_lines": 0,
            "num_statements": 6,
            "percent_covered": 0.0,
            "percent_covered_display": "0",
            "missing_lines": 6,
            "excluded_lines": 0
          },
          "missing_lines": [
            73,
            74,
            75,
            76,
            77,
            81
          ],
          "excluded_lines": []
        },
        "validate_basic_auth": {
          "executed_lines": [],
          "summary": {
            "covered_lines": 0,
            "num_statements": 3,
            "percent_covered": 0.0,
            "percent_covered_display": "0",
            "missing_lines": 3,
            "excluded_lines": 0
          },
          "missing_lines": [
            87,
            91,
            93
          ],
          "excluded_lines": []
        },
        "user_basic_auth_required_for_unsafe_methods": {
          "executed_lines": [],
          "summary": {
            "covered_lines": 0,
            "num_statements": 4,
            "percent_covered": 0.0,
            "percent_covered_display": "0",
            "missing_lines": 4,
            "excluded_lines": 0
          },
          "missing_lines": [
            107,
            108,
            110,
            111
          ],
          "excluded_lines": []
        },
        "api_token_or_user_basic_auth_required_for_unsafe_methods": {
          "executed_lines": [
            125,
            128,
            130,
            131
          ],
          "summary": {
            "covered_lines": 4,
            "num_statements": 7,
            "percent_covered": 57.142857142857146,
            "percent_covered_display": "57",
            "missing_lines": 3,
            "excluded_lines": 0
          },
          "missing_lines": [
            126,
            129,
            133
          ],
          "excluded_lines": []
        },
        "": {
          "executed_lines": [
            1,
            2,
            4,
            9,
            10,
            17,
            20,
            22,
            24,
            26,
            28,
            34,
            41,
            53,
            66,
            84,
            100,
            114
          ],
          "summary": {
            "covered_lines": 18,
            "num_statements": 18,
            "percent_covered": 100.0,
            "percent_covered_display": "100",
            "missing_lines": 0,
            "excluded_lines": 0
          },
          "missing_lines": [],
          "excluded_lines": []
        }
      },
      "classes": {
        "": {
          "executed_lines": [
            1,
            2,
            4,
            9,
            10,
            17,
            20,
            22,
            24,
            26,
            28,
            34,
            41,
            44,
            45,
            46,
            53,
            56,
            59,
            66,
            84,
            100,
            114,
            125,
            128,
            130,
            131
          ],
          "summary": {
            "covered_lines": 27,
            "num_statements": 45,
            "percent_covered": 60.0,
            "percent_covered_display": "60",
            "missing_lines": 18,
            "excluded_lines": 0
          },
          "missing_lines": [
            47,
            60,
            73,
            74,
            75,
            76,
            77,
            81,
            87,
            91,
            93,
            107,
            108,
            110,
            111,
            126,
            129,
            133
          ],
          "excluded_lines": []
        }
      }
    },
    "url-shortener/api/api_v1/short_url/views/__init__.py": {
      "executed_lines": [
        1,
        3,
        4,
        6
      ],
      "summary": {
        "covered_lines": 4,
        "num_statements": 4,
        "percent_covered": 100.0,
        "percent_covered_display": "100",
        "missing_lines": 0,
        "excluded_lines": 0
      },
      "missing_lines": [],
      "excluded_lines": [],
      "functions": {
        "": {
          "executed_lines": [
            1,
            3,
            4,
            6
          ],
          "summary": {
            "covered_lines": 4,
            "num_statements": 4,
            "percent_covered": 100.0,
            "percent_covered_display": "100",
            "missing_lines": 0,
            "excluded_lines": 0
          },
          "missing_lines": [],
          "excluded_lines": []
        }
      },
      "classes": {
        "": {
          "executed_lines": [
            1,
            3,
            4,
            6
          ],
          "summary": {
            "covered_lines": 4,
            "num_statements": 4,
            "percent_covered": 100.0,
            "percent_covered_display": "100",
            "missing_lines": 0,
            "excluded_lines": 0
          },
          "missing_lines": [],
          "excluded_lines": []
        }
      }
    },
    "url-shortener/api/api_v1/short_url/views/details_views.py": {
      "executed_lines": [
        1,
        3,
        9,
        10,
        11,
        18,
        34,
        40,
        41,
        45,
        49,
        53,
        59,
        63,
        67,
        73,
        77,
        80,
        83,
        86,
        92
      ],
      "summary": {
        "covered_lines": 21,
        "num_statements": 22,
        "percent_covered": 95.45454545454545,
        "percent_covered_display": "95",
        "missing_lines": 1,
        "excluded_lines": 0
      },
      "missing_lines": [
        42
      ],
      "excluded_lines": [],
      "functions": {
        "read_short_url_detail": {
          "executed_lines": [],
          "summary": {
            "covered_lines": 0,
            "num_statements": 1,
            "percent_covered": 0.0,
            "percent_covered_display": "0",
            "missing_lines": 1,
            "excluded_lines": 0
          },
          "missing_lines": [
            42
          ],
          "excluded_lines": []
        },
        "update_short_url_details": {
          "executed_lines": [
            53
          ],
          "summary": {
            "covered_lines": 1,
            "num_statements": 1,
            "percent_covered": 100.0,
            "percent_covered_display": "100",
            "missing_lines": 0,
            "excluded_lines": 0
          },
          "missing_lines": [],
          "excluded_lines": []
        },
        "update_short_url_details_partial": {
          "executed_lines": [
            67
          ],
          "summary": {
            "covered_lines": 1,
            "num_statements": 1,
            "percent_covered": 100.0,
            "percent_covered_display": "100",
            "missing_lines": 0,
            "excluded_lines": 0
          },
          "missing_lines": [],
          "excluded_lines": []
        },
        "delete_short_url": {
          "executed_lines": [
            80
          ],
          "summary": {
            "covered_lines": 1,
            "num_statements": 1,
            "percent_covered": 100.0,
            "percent_covered_display": "100",
            "missing_lines": 0,
            "excluded_lines": 0
          },
          "missing_lines": [],
          "excluded_lines": []
        },
        "transfer_short_url": {
          "executed_lines": [
            92
          ],
          "summary": {
            "covered_lines": 1,
            "num_statements": 1,
            "percent_covered": 100.0,
            "percent_covered_display": "100",
            "missing_lines": 0,
            "excluded_lines": 0
          },
          "missing_lines": [],
          "excluded_lines": []
        },
        "": {
          "executed_lines": [
            1,
            3,
            9,
            10,
            11,
            18,
            34,
            40,
            41,
            45,
            49,
            59,
            63,
            73,
            77,
            83,
            86
          ],
          "summary": {
            "covered_lines": 17,
            "num_statements": 17,
            "percent_covered": 100.0,
            "percent_covered_display": "100",
            "missing_lines": 0,
            "excluded_lines": 0
          },
          "missing_lines": [],
          "excluded_lines": []
        }
      },
      "classes": {
        "": {
          "executed_lines": [
            1,
            3,
            9,
            10,
            11,
            18,
            34,
            40,
            41,
            45,
            49,
            53,
            59,
            63,
            67,
            73,
            77,
            80,
            83,
            86,
            92
          ],
          "summary": {
            "covered_lines": 21,
            "num_statements": 22,
            "percent_covered": 95.45454545454545,
            "percent_covered_display": "95",
            "missing_lines": 1,
            "excluded_lines": 0
          },
          "missing_lines": [
            42
          ],
          "excluded_lines": []
        }
      }
    },
    "url-shortener/api/api_v1/short_url/views/list_views.py": {
      "executed_lines": [
        1,
        8,
        9,
        12,
        18,
        39,
        43,
        47,
        64,
        67,
        68,
        69,
        70
      ],
      "summary": {
        "covered_lines": 13,
        "num_statements": 14,
        "percent_covered": 92.85714285714286,
        "percent_covered_display": "93",
        "missing_lines": 1,
        "excluded_lines": 0
      },
      "missing_lines": [
        44
      ],
      "excluded_lines": [],
      "functions": {
        "read_short_urls_list": {
          "executed_lines": [],
          "summary": {
            "covered_lines": 0,
            "num_statements": 1,
            "percent_covered": 0.0,
            "percent_covered_display": "0",
            "missing_lines": 1,
            "excluded_lines": 0
          },
          "missing_lines": [
            44
          ],
          "excluded_lines": []
        },
        "create_short_url": {
          "executed_lines": [
            67,
            68,
            69,
            70
          ],
          "summary": {
            "covered_lines": 4,
            "num_statements": 4,
            "percent_covered": 100.0,
            "percent_covered_display": "100",
            "missing_lines": 0,
            "excluded_lines": 0
          },
          "missing_lines": [],
          "excluded_lines": []
        },
        "": {
          "executed_lines": [
            1,
            8,
            9,
            12,
            18,
            39,
            43,
            47,
            64
          ],
          "summary": {
            "covered_lines": 9,
            "num_statements": 9,
            "percent_covered": 100.0,
            "percent_covered_display": "100",
            "missing_lines": 0,
            "excluded_lines": 0
          },
          "missing_lines": [],
          "excluded_lines": []
        }
      },
      "classes": {
        "": {
          "executed_lines": [
            1,
            8,
            9,
            12,
            18,
            39,
            43,
            47,
            64,
            67,
            68,
            69,
            70
          ],
          "summary": {
            "covered_lines": 13,
            "num_statements": 14,
            "percent_covered": 92.85714285714286,
            "percent_covered_display": "93",
            "missing_lines": 1,
            "excluded_lines": 0
          },
          "missing_lines": [
            44
          ],
          "excluded_lines": []
        }
      }
    },
    "url-shortener/api/main_views.py": {
      "executed_lines": [
        1,
        6,
        11,
        12,
        16,
        20
      ],
      "summary": {
        "covered_lines": 6,
        "num_statements": 6,
        "percent_covered": 100.0,
        "percent_covered_display": "100",
        "missing_lines": 0,
        "excluded_lines": 0
      },
      "missing_lines": [],
      "excluded_lines": [],
      "functions": {
        "read_root": {
          "executed_lines": [
            16,
            20
          ],
          "summary": {
            "covered_lines": 2,
            "num_statements": 2,
            "percent_covered": 100.0,
            "percent_covered_display": "100",
            "missing_lines": 0,
            "excluded_lines": 0
          },
          "missing_lines": [],
          "excluded_lines": []
        },
        "": {
          "executed_lines": [
            1,
            6,
            11,
            12
          ],
          "summary": {
            "covered_lines": 4,
            "num_statements": 4,
            "percent_covered": 100.0,
            "percent_covered_display": "100",
            "missing_lines": 0,
            "excluded_lines": 0
          },
          "missing_lines": [],
          "excluded_lines": []
        }
      },
      "classes": {
        "": {
          "executed_lines": [
            1,
            6,
            11,
            12,
            16,
            20
          ],
          "summary": {
            "covered_lines": 6,
            "num_statements": 6,
            "percent_covered": 100.0,
            "percent_covered_display": "100",
            "missing_lines": 0,
            "excluded_lines": 0
          },
          "missing_lines": [],
          "excluded_lines": []
        }
      }
    },
    "url-shortener/api/redirect_views.py": {
      "executed_lines": [
        1,
        3,
        7,
        9,
        10,
        12,
        18,
        19,
        20
      ],
      "summary": {
        "covered_lines": 9,
        "num_statements": 10,
        "percent_covered": 90.0,
        "percent_covered_display": "90",
        "missing_lines": 1,
        "excluded_lines": 0
      },
      "missing_lines": [
        26
      ],
      "excluded_lines": [],
      "functions": {
        "redirect_short_url": {
          "executed_lines": [],
          "summary": {
            "covered_lines": 0,
            "num_statements": 1,
            "percent_covered": 0.0,
            "percent_covered_display": "0",
            "missing_lines": 1,
            "excluded_lines": 0
          },
          "missing_lines": [
            26
          ],
          "excluded_lines": []
        },
        "": {
          "executed_lines": [
            1,
            3,
            7,
            9,
            10,
            12,
            18,
            19,
            20
          ],
          "summary": {
            "covered_lines": 9,
            "num_statements": 9,
            "percent_covered": 100.0,
            "percent_covered_display": "100",
            "missing_lines": 0,
            "excluded_lines": 0
          },
          "missing_lines": [],
          "excluded_lines": []
        }
      },
      "classes": {
        "": {
          "executed_lines": [
            1,
            3,
            7,
            9,
            10,
            12,
            18,
            19,
            20
          ],
          "summary": {
            "covered_lines": 9,
            "num_statements": 10,
            "percent_covered": 90.0,
            "percent_covered_display": "90",
            "missing_lines": 1,
            "excluded_lines": 0
          },
          "missing_lines": [
            26
          ],
          "excluded_lines": []
        }
      }
    },
    "url-shortener/app_lifespan.py": {
      "executed_lines": [
        1,
        2,
        4,
        7,
        8,
        13
      ],
      "summary": {
        "covered_lines": 6,
        "num_statements": 6,
        "percent_covered": 100.0,
        "percent_covered_display": "100",
        "missing_lines": 0,
        "excluded_lines": 0
      },
      "missing_lines": [],
      "excluded_lines": [],
      "functions": {
        "lifespan": {
          "executed_lines": [
            13
          ],
          "summary": {
            "covered_lines": 1,
            "num_statements": 1,
            "percent_covered": 100.0,
            "percent_covered_display": "100",
            "missing_lines": 0,
            "excluded_lines": 0
          },
          "missing_lines": [],
          "excluded_lines": []
        },
        "": {
          "executed_lines": [
            1,
            2,
            4,
            7,
            8
          ],
          "summary": {
            "covered_lines": 5,
            "num_statements": 5,
            "percent_covered": 100.0,
            "percent_covered_display": "100",
            "missing_lines": 0,
            "excluded_lines": 0
          },
          "missing_lines": [],
          "excluded_lines": []
        }
      },
      "classes": {
        "": {
          "executed_lines": [
            1,
            2,
            4,
            7,
            8,
            13
          ],
          "summary": {
            "covered_lines": 6,
            "num_statements": 6,
            "percent_covered": 100.0,
            "percent_covered_display": "100",
            "missing_lines": 0,
            "excluded_lines": 0
          },
          "missing_lines": [],
          "excluded_lines": []
        }
      }
    },
    "url-shortener/commands/__init__.py": {
      "executed_lines": [],
      "summary": {
        "covered_lines": 0,
        "num_statements": 2,
        "percent_covered": 0.0,
        "percent_covered_display": "0",
        "missing_lines": 2,
        "excluded_lines": 0
      },
      "missing_lines": [
        1,
        3
      ],
      "excluded_lines": [],
      "functions": {
        "": {
          "executed_lines": [],
          "summary": {
            "covered_lines": 0,
            "num_statements": 2,
            "percent_covered": 0.0,
            "percent_covered_display": "0",
            "missing_lines": 2,
            "excluded_lines": 0
          },
          "missing_lines": [
            1,
            3
          ],
          "excluded_lines": []
        }
      },
      "classes": {
        "": {
          "executed_lines": [],
          "summary": {
            "covered_lines": 0,
            "num_statements": 2,
            "percent_covered": 0.0,
            "percent_covered_display": "0",
            "missing_lines": 2,
            "excluded_lines": 0
          },
          "missing_lines": [
            1,
            3
          ],
          "excluded_lines": []
        }
      }
    },
    "url-shortener/commands/cli.py": {
      "executed_lines": [],
      "summary": {
        "covered_lines": 0,
        "num_statements": 9,
        "percent_covered": 0.0,
        "percent_covered_display": "0",
        "missing_lines": 9,
        "excluded_lines": 0
      },
      "missing_lines": [
        1,
        3,
        5,
        6,
        8,
        14,
        15,
        21,
        22
      ],
      "excluded_lines": [],
      "functions": {
        "callback": {
          "executed_lines": [],
          "summary": {
            "covered_lines": 0,
            "num_statements": 0,
            "percent_covered": 100.0,
            "percent_covered_display": "100",
            "missing_lines": 0,
            "excluded_lines": 0
          },
          "missing_lines": [],
          "excluded_lines": []
        },
        "": {
          "executed_lines": [],
          "summary": {
            "covered_lines": 0,
            "num_statements": 9,
            "percent_covered": 0.0,
            "percent_covered_display": "0",
            "missing_lines": 9,
            "excluded_lines": 0
          },
          "missing_lines": [
            1,
            3,
            5,
            6,
            8,
            14,
            15,
            21,
            22
          ],
          "excluded_lines": []
        }
      },
      "classes": {
        "": {
          "executed_lines": [],
          "summary": {
            "covered_lines": 0,
            "num_statements": 9,
            "percent_covered": 0.0,
            "percent_covered_display": "0",
            "missing_lines": 9,
            "excluded_lines": 0
          },
          "missing_lines": [
            1,
            3,
            5,
            6,
            8,
            14,
            15,
            21,
            22
          ],
          "excluded_lines": []
        }
      }
    },
    "url-shortener/commands/hello.py": {
      "executed_lines": [],
      "summary": {
        "covered_lines": 0,
        "num_statements": 8,
        "percent_covered": 0.0,
        "percent_covered_display": "0",
        "missing_lines": 8,
        "excluded_lines": 0
      },
      "missing_lines": [
        1,
        3,
        5,
        6,
        8,
        11,
        12,
        18
      ],
      "excluded_lines": [],
      "functions": {
        "hello": {
          "executed_lines": [],
          "summary": {
            "covered_lines": 0,
            "num_statements": 1,
            "percent_covered": 0.0,
            "percent_covered_display": "0",
            "missing_lines": 1,
            "excluded_lines": 0
          },
          "missing_lines": [
            18
          ],
          "excluded_lines": []
        },
        "": {
          "executed_lines": [],
          "summary": {
            "covered_lines": 0,
            "num_statements": 7,
            "percent_covered": 0.0,
            "percent_covered_display": "0",
            "missing_lines": 7,
            "excluded_lines": 0
          },
          "missing_lines": [
            1,
            3,
            5,
            6,
            8,
            11,
            12
          ],
          "excluded_lines": []
        }
      },
      "classes": {
        "": {
          "executed_lines": [],
          "summary": {
            "covered_lines": 0,
            "num_statements": 8,
            "percent_covered": 0.0,
            "percent_covered_display": "0",
            "missing_lines": 8,
            "excluded_lines": 0
          },
          "missing_lines": [
            1,
            3,
            5,
            6,
            8,
            11,
            12,
            18
          ],
          "excluded_lines": []
        }
      }
    },
    "url-shortener/commands/tokens.py": {
      "executed_lines": [],
      "summary": {
        "covered_lines": 0,
        "num_statements": 29,
        "percent_covered": 0.0,
        "percent_covered_display": "0",
        "missing_lines": 29,
        "excluded_lines": 0
      },
      "missing_lines": [
        1,
        3,
        5,
        6,
        7,
        9,
        11,
        19,
        20,
        31,
        41,
        44,
        48,
        49,
        50,
        53,
        56,
        67,
        68,
        70,
        71,
        74,
        75,
        79,
        80,
        83,
        84,
        95,
        96
      ],
      "excluded_lines": [],
      "functions": {
        "chek": {
          "executed_lines": [],
          "summary": {
            "covered_lines": 0,
            "num_statements": 1,
            "percent_covered": 0.0,
            "percent_covered_display": "0",
            "missing_lines": 1,
            "excluded_lines": 0
          },
          "missing_lines": [
            31
          ],
          "excluded_lines": []
        },
        "list_tokens": {
          "executed_lines": [],
          "summary": {
            "covered_lines": 0,
            "num_statements": 3,
            "percent_covered": 0.0,
            "percent_covered_display": "0",
            "missing_lines": 3,
            "excluded_lines": 0
          },
          "missing_lines": [
            48,
            49,
            50
          ],
          "excluded_lines": []
        },
        "delete_token": {
          "executed_lines": [],
          "summary": {
            "covered_lines": 0,
            "num_statements": 4,
            "percent_covered": 0.0,
            "percent_covered_display": "0",
            "missing_lines": 4,
            "excluded_lines": 0
          },
          "missing_lines": [
            67,
            68,
            70,
            71
          ],
          "excluded_lines": []
        },
        "create": {
          "executed_lines": [],
          "summary": {
            "covered_lines": 0,
            "num_statements": 2,
            "percent_covered": 0.0,
            "percent_covered_display": "0",
            "missing_lines": 2,
            "excluded_lines": 0
          },
          "missing_lines": [
            79,
            80
          ],
          "excluded_lines": []
        },
        "add": {
          "executed_lines": [],
          "summary": {
            "covered_lines": 0,
            "num_statements": 2,
            "percent_covered": 0.0,
            "percent_covered_display": "0",
            "missing_lines": 2,
            "excluded_lines": 0
          },
          "missing_lines": [
            95,
            96
          ],
          "excluded_lines": []
        },
        "": {
          "executed_lines": [],
          "summary": {
            "covered_lines": 0,
            "num_statements": 17,
            "percent_covered": 0.0,
            "percent_covered_display": "0",
            "missing_lines": 17,
            "excluded_lines": 0
          },
          "missing_lines": [
            1,
            3,
            5,
            6,
            7,
            9,
            11,
            19,
            20,
            41,
            44,
            53,
            56,
            74,
            75,
            83,
            84
          ],
          "excluded_lines": []
        }
      },
      "classes": {
        "": {
          "executed_lines": [],
          "summary": {
            "covered_lines": 0,
            "num_statements": 29,
            "percent_covered": 0.0,
            "percent_covered_display": "0",
            "missing_lines": 29,
            "excluded_lines": 0
          },
          "missing_lines": [
            1,
            3,
            5,
            6,
            7,
            9,
            11,
            19,
            20,
            31,
            41,
            44,
            48,
            49,
            50,
            53,
            56,
            67,
            68,
            70,
            71,
            74,
            75,
            79,
            80,
            83,
            84,
            95,
            96
          ],
          "excluded_lines": []
        }
      }
    },
    "url-shortener/core/__init__.py": {
      "executed_lines": [
        0
      ],
      "summary": {
        "covered_lines": 0,
        "num_statements": 0,
        "percent_covered": 100.0,
        "percent_covered_display": "100",
        "missing_lines": 0,
        "excluded_lines": 0
      },
      "missing_lines": [],
      "excluded_lines": [],
      "functions": {
        "": {
          "executed_lines": [],
          "summary": {
            "covered_lines": 0,
            "num_statements": 0,
            "percent_covered": 100.0,
            "percent_covered_display": "100",
            "missing_lines": 0,
            "excluded_lines": 0
          },
          "missing_lines": [],
          "excluded_lines": []
        }
      },
      "classes": {
        "": {
          "executed_lines": [],
          "summary": {
            "covered_lines": 0,
            "num_statements": 0,
            "percent_covered": 100.0,
            "percent_covered_display": "100",
            "missing_lines": 0,
            "excluded_lines": 0
          },
          "missing_lines": [],
          "excluded_lines": []
        }
      }
    },
    "url-shortener/core/config.py": {
      "executed_lines": [
        1,
        2,
        3,
        5,
        6,
        9,
        10,
        25,
        30,
        31,
        32,
        33,
        34,
        35,
        37,
        38
      ],
      "summary": {
        "covered_lines": 16,
        "num_statements": 16,
        "percent_covered": 100.0,
        "percent_covered_display": "100",
        "missing_lines": 0,
        "excluded_lines": 0
      },
      "missing_lines": [],
      "excluded_lines": [],
      "functions": {
        "": {
          "executed_lines": [
            1,
            2,
            3,
            5,
            6,
            9,
            10,
            25,
            30,
            31,
            32,
            33,
            34,
            35,
            37,
            38
          ],
          "summary": {
            "covered_lines": 16,
            "num_statements": 16,
            "percent_covered": 100.0,
            "percent_covered_display": "100",
            "missing_lines": 0,
            "excluded_lines": 0
          },
          "missing_lines": [],
          "excluded_lines": []
        }
      },
      "classes": {
        "": {
          "executed_lines": [
            1,
            2,
            3,
            5,
            6,
            9,
            10,
            25,
            30,
            31,
            32,
            33,
            34,
            35,
            37,
            38
          ],
          "summary": {
            "covered_lines": 16,
            "num_statements": 16,
            "percent_covered": 100.0,
            "percent_covered_display": "100",
            "missing_lines": 0,
            "excluded_lines": 0
          },
          "missing_lines": [],
          "excluded_lines": []
        }
      }
    },
    "url-shortener/main.py": {
      "executed_lines": [
        1,
        3,
        4,
        8,
        9,
        10,
        11,
        12,
        14,
        15,
        20,
        21,
        22,
        25
      ],
      "summary": {
        "covered_lines": 14,
        "num_statements": 15,
        "percent_covered": 93.33333333333333,
        "percent_covered_display": "93",
        "missing_lines": 1,
        "excluded_lines": 0
      },
      "missing_lines": [
        26
      ],
      "excluded_lines": [],
      "functions": {
        "": {
          "executed_lines": [
            1,
            3,
            4,
            8,
            9,
            10,
            11,
            12,
            14,
            15,
            20,
            21,
            22,
            25
          ],
          "summary": {
            "covered_lines": 14,
            "num_statements": 15,
            "percent_covered": 93.33333333333333,
            "percent_covered_display": "93",
            "missing_lines": 1,
            "excluded_lines": 0
          },
          "missing_lines": [
            26
          ],
          "excluded_lines": []
        }
      },
      "classes": {
        "": {
          "executed_lines": [
            1,
            3,
            4,
            8,
            9,
            10,
            11,
            12,
            14,
            15,
            20,
            21,
            22,
            25
          ],
          "summary": {
            "covered_lines": 14,
            "num_statements": 15,
            "percent_covered": 93.33333333333333,
            "percent_covered_display": "93",
            "missing_lines": 1,
            "excluded_lines": 0
          },
          "missing_lines": [
            26
          ],
          "excluded_lines": []
        }
      }
    },
    "url-shortener/manage.py": {
      "executed_lines": [],
      "summary": {
        "covered_lines": 0,
        "num_statements": 3,
        "percent_covered": 0.0,
        "percent_covered_display": "0",
        "missing_lines": 3,
        "excluded_lines": 0
      },
      "missing_lines": [
        3,
        5,
        6
      ],
      "excluded_lines": [],
      "functions": {
        "": {
          "executed_lines": [],
          "summary": {
            "covered_lines": 0,
            "num_statements": 3,
            "percent_covered": 0.0,
            "percent_covered_display": "0",
            "missing_lines": 3,
            "excluded_lines": 0
          },
          "missing_lines": [
            3,
            5,
            6
          ],
          "excluded_lines": []
        }
      },
      "classes": {
        "": {
          "executed_lines": [],
          "summary": {
            "covered_lines": 0,
            "num_statements": 3,
            "percent_covered": 0.0,
            "percent_covered_display": "0",
            "missing_lines": 3,
            "excluded_lines": 0
          },
          "missing_lines": [
            3,
            5,
            6
          ],
          "excluded_lines": []
        }
      }
    },
    "url-shortener/schemas/__init__.py": {
      "executed_lines": [
        0
      ],
      "summary": {
        "covered_lines": 0,
        "num_statements": 0,
        "percent_covered": 100.0,
        "percent_covered_display": "100",
        "missing_lines": 0,
        "excluded_lines": 0
      },
      "missing_lines": [],
      "excluded_lines": [],
      "functions": {
        "": {
          "executed_lines": [],
          "summary": {
            "covered_lines": 0,
            "num_statements": 0,
            "percent_covered": 100.0,
            "percent_covered_display": "100",
            "missing_lines": 0,
            "excluded_lines": 0
          },
          "missing_lines": [],
          "excluded_lines": []
        }
      },
      "classes": {
        "": {
          "executed_lines": [],
          "summary": {
            "covered_lines": 0,
            "num_statements": 0,
            "percent_covered": 100.0,
            "percent_covered_display": "100",
            "missing_lines": 0,
            "excluded_lines": 0
          },
          "missing_lines": [],
          "excluded_lines": []
        }
      }
    },
    "url-shortener/schemas/short_url.py": {
      "executed_lines": [
        1,
        3,
        4,
        6,
        8,
        14,
        15,
        16,
        19,
        20,
        22,
        26,
        29,
        30,
        36,
        37,
        39,
        40,
        43,
        44,
        46,
        47,
        50,
        51,
        55,
        56,
        57
      ],
      "summary": {
        "covered_lines": 22,
        "num_statements": 22,
        "percent_covered": 100.0,
        "percent_covered_display": "100",
        "missing_lines": 0,
        "excluded_lines": 0
      },
      "missing_lines": [],
      "excluded_lines": [],
      "functions": {
        "": {
          "executed_lines": [
            1,
            3,
            4,
            6,
            8,
            14,
            15,
            16,
            19,
            20,
            22,
            26,
            29,
            30,
            36,
            37,
            39,
            40,
            43,
            44,
            46,
            47,
            50,
            51,
            55,
            56,
            57
          ],
          "summary": {
            "covered_lines": 22,
            "num_statements": 22,
            "percent_covered": 100.0,
            "percent_covered_display": "100",
            "missing_lines": 0,
            "excluded_lines": 0
          },
          "missing_lines": [],
          "excluded_lines": []
        }
      },
      "classes": {
        "ShortUrlBase": {
          "executed_lines": [],
          "summary": {
            "covered_lines": 0,
            "num_statements": 0,
            "percent_covered": 100.0,
            "percent_covered_display": "100",
            "missing_lines": 0,
            "excluded_lines": 0
          },
          "missing_lines": [],
          "excluded_lines": []
        },
        "ShortUrlCreate": {
          "executed_lines": [],
          "summary": {
            "covered_lines": 0,
            "num_statements": 0,
            "percent_covered": 100.0,
            "percent_covered_display": "100",
            "missing_lines": 0,
            "excluded_lines": 0
          },
          "missing_lines": [],
          "excluded_lines": []
        },
        "ShortUrlUpdate": {
          "executed_lines": [],
          "summary": {
            "covered_lines": 0,
            "num_statements": 0,
            "percent_covered": 100.0,
            "percent_covered_display": "100",
            "missing_lines": 0,
            "excluded_lines": 0
          },
          "missing_lines": [],
          "excluded_lines": []
        },
        "ShortUrlPartialUpdate": {
          "executed_lines": [],
          "summary": {
            "covered_lines": 0,
            "num_statements": 0,
            "percent_covered": 100.0,
            "percent_covered_display": "100",
            "missing_lines": 0,
            "excluded_lines": 0
          },
          "missing_lines": [],
          "excluded_lines": []
        },
        "ShortUrlRead": {
          "executed_lines": [],
          "summary": {
            "covered_lines": 0,
            "num_statements": 0,
            "percent_covered": 100.0,
            "percent_covered_display": "100",
            "missing_lines": 0,
            "excluded_lines": 0
          },
          "missing_lines": [],
          "excluded_lines": []
        },
        "ShortUrl": {
          "executed_lines": [],
          "summary": {
            "covered_lines": 0,
            "num_statements": 0,
            "percent_covered": 100.0,
            "percent_covered_display": "100",
            "missing_lines": 0,
            "excluded_lines": 0
          },
          "missing_lines": [],
          "excluded_lines": []
        },
        "": {
          "executed_lines": [
            1,
            3,
            4,
            6,
            8,
            14,
            15,
            16,
            19,
            20,
            22,
            26,
            29,
            30,
            36,
            37,
            39,
            40,
            43,
            44,
            46,
            47,
            50,
            51,
            55,
            56,
            57
          ],
          "summary": {
            "covered_lines": 22,
            "num_statements": 22,
            "percent_covered": 100.0,
            "percent_covered_display": "100",
            "missing_lines": 0,
            "excluded_lines": 0
          },
          "missing_lines": [],
          "excluded_lines": []
        }
      }
    },
    "url-shortener/stuff.py": {
      "executed_lines": [],
      "summary": {
        "covered_lines": 0,
        "num_statements": 23,
        "percent_covered": 0.0,
        "percent_covered_display": "0",
        "missing_lines": 23,
        "excluded_lines": 0
      },
      "missing_lines": [
        1,
        3,
        5,
        7,
        15,
        16,
        19,
        20,
        21,
        22,
        23,
        24,
        25,
        26,
        27,
        28,
        29,
        30,
        31,
        38,
        39,
        42,
        43
      ],
      "excluded_lines": [],
      "functions": {
        "add": {
          "executed_lines": [],
          "summary": {
            "covered_lines": 0,
            "num_statements": 1,
            "percent_covered": 0.0,
            "percent_covered_display": "0",
            "missing_lines": 1,
            "excluded_lines": 0
          },
          "missing_lines": [
            16
          ],
          "excluded_lines": []
        },
        "main": {
          "executed_lines": [],
          "summary": {
            "covered_lines": 0,
            "num_statements": 14,
            "percent_covered": 0.0,
            "percent_covered_display": "0",
            "missing_lines": 14,
            "excluded_lines": 0
          },
          "missing_lines": [
            20,
            21,
            22,
            23,
            24,
            25,
            26,
            27,
            28,
            29,
            30,
            31,
            38,
            39
          ],
          "excluded_lines": []
        },
        "": {
          "executed_lines": [],
          "summary": {
            "covered_lines": 0,
            "num_statements": 8,
            "percent_covered": 0.0,
            "percent_covered_display": "0",
            "missing_lines": 8,
            "excluded_lines": 0
          },
          "missing_lines": [
            1,
            3,
            5,
            7,
            15,
            19,
            42,
            43
          ],
          "excluded_lines": []
        }
      },
      "classes": {
        "": {
          "executed_lines": [],
          "summary": {
            "covered_lines": 0,
            "num_statements": 23,
            "percent_covered": 0.0,
            "percent_covered_display": "0",
            "missing_lines": 23,
            "excluded_lines": 0
          },
          "missing_lines": [
            1,
            3,
            5,
            7,
            15,
            16,
            19,
            20,
            21,
            22,
            23,
            24,
            25,
            26,
            27,
            28,
            29,
            30,
            31,
            38,
            39,
            42,
            43
          ],
          "excluded_lines": []
        }
      }
    },
    "url-shortener/testing/__init__.py": {
      "executed_lines": [
        0
      ],
      "summary": {
        "covered_lines": 0,
        "num_statements": 0,
        "percent_covered": 100.0,
        "percent_covered_display": "100",
        "missing_lines": 0,
        "excluded_lines": 0
      },
      "missing_lines": [],
      "excluded_lines": [],
      "functions": {
        "": {
          "executed_lines": [],
          "summary": {
            "covered_lines": 0,
            "num_statements": 0,
            "percent_covered": 100.0,
            "percent_covered_display": "100",
            "missing_lines": 0,
            "excluded_lines": 0
          },
          "missing_lines": [],
          "excluded_lines": []
        }
      },
      "classes": {
        "": {
          "executed_lines": [],
          "summary": {
            "covered_lines": 0,
            "num_statements": 0,
            "percent_covered": 100.0,
            "percent_covered_display": "100",
            "missing_lines": 0,
            "excluded_lines": 0
          },
          "missing_lines": [],
          "excluded_lines": []
        }
      }
    },
    "url-shortener/testing/conftest.py": {
      "executed_lines": [
        1,
        2,
        3,
        4,
        6,
        7,
        9,
        10,
        13,
        14,
        15,
        21,
        26,
        33,
        37,
        49,
        50,
        51,
        53,
        54,
        59,
        64,
        69,
        72,
        76,
        80
      ],
      "summary": {
        "covered_lines": 26,
        "num_statements": 27,
        "percent_covered": 96.29629629629629,
        "percent_covered_display": "96",
        "missing_lines": 1,
        "excluded_lines": 0
      },
      "missing_lines": [
        16
      ],
      "excluded_lines": [],
      "functions": {
        "check_testing_env": {
          "executed_lines": [
            15
          ],
          "summary": {
            "covered_lines": 1,
            "num_statements": 2,
            "percent_covered": 50.0,
            "percent_covered_display": "50",
            "missing_lines": 1,
            "excluded_lines": 0
          },
          "missing_lines": [
            16
          ],
          "excluded_lines": []
        },
        "build_short_url_create": {
          "executed_lines": [
            26
          ],
          "summary": {
            "covered_lines": 1,
            "num_statements": 1,
            "percent_covered": 100.0,
            "percent_covered_display": "100",
            "missing_lines": 0,
            "excluded_lines": 0
          },
          "missing_lines": [],
          "excluded_lines": []
        },
        "build_short_url_create_random_slug": {
          "executed_lines": [
            37
          ],
          "summary": {
            "covered_lines": 1,
            "num_statements": 1,
            "percent_covered": 100.0,
            "percent_covered_display": "100",
            "missing_lines": 0,
            "excluded_lines": 0
          },
          "missing_lines": [],
          "excluded_lines": []
        },
        "short_url": {
          "executed_lines": [
            51,
            53,
            54
          ],
          "summary": {
            "covered_lines": 3,
            "num_statements": 3,
            "percent_covered": 100.0,
            "percent_covered_display": "100",
            "missing_lines": 0,
            "excluded_lines": 0
          },
          "missing_lines": [],
          "excluded_lines": []
        },
        "create_short_url": {
          "executed_lines": [
            64,
            69
          ],
          "summary": {
            "covered_lines": 2,
            "num_statements": 2,
            "percent_covered": 100.0,
            "percent_covered_display": "100",
            "missing_lines": 0,
            "excluded_lines": 0
          },
          "missing_lines": [],
          "excluded_lines": []
        },
        "create_short_url_random_slug": {
          "executed_lines": [
            76,
            80
          ],
          "summary": {
            "covered_lines": 2,
            "num_statements": 2,
            "percent_covered": 100.0,
            "percent_covered_display": "100",
            "missing_lines": 0,
            "excluded_lines": 0
          },
          "missing_lines": [],
          "excluded_lines": []
        },
        "": {
          "executed_lines": [
            1,
            2,
            3,
            4,
            6,
            7,
            9,
            10,
            13,
            14,
            21,
            33,
            49,
            50,
            59,
            72
          ],
          "summary": {
            "covered_lines": 16,
            "num_statements": 16,
            "percent_covered": 100.0,
            "percent_covered_display": "100",
            "missing_lines": 0,
            "excluded_lines": 0
          },
          "missing_lines": [],
          "excluded_lines": []
        }
      },
      "classes": {
        "": {
          "executed_lines": [
            1,
            2,
            3,
            4,
            6,
            7,
            9,
            10,
            13,
            14,
            15,
            21,
            26,
            33,
            37,
            49,
            50,
            51,
            53,
            54,
            59,
            64,
            69,
            72,
            76,
            80
          ],
          "summary": {
            "covered_lines": 26,
            "num_statements": 27,
[...]
            16,
            17,
            18,
            26,
            52
          ],
          "summary": {
            "covered_lines": 15,
            "num_statements": 15,
            "percent_covered": 100.0,
            "percent_covered_display": "100",
            "missing_lines": 0,
            "excluded_lines": 0
          },
          "missing_lines": [],
          "excluded_lines": []
        }
      }
    },
    "url-shortener/testing/test_api/test_api_v1/test_short_urls/test_views/test_list_views/__init__.py": {
      "executed_lines": [
        0
      ],
      "summary": {
        "covered_lines": 0,
        "num_statements": 0,
        "percent_covered": 100.0,
        "percent_covered_display": "100",
        "missing_lines": 0,
        "excluded_lines": 0
      },
      "missing_lines": [],
      "excluded_lines": [],
      "functions": {
        "": {
          "executed_lines": [],
          "summary": {
            "covered_lines": 0,
            "num_statements": 0,
            "percent_covered": 100.0,
            "percent_covered_display": "100",
            "missing_lines": 0,
            "excluded_lines": 0
          },
          "missing_lines": [],
          "excluded_lines": []
        }
      },
      "classes": {
        "": {
          "executed_lines": [],
          "summary": {
            "covered_lines": 0,
            "num_statements": 0,
            "percent_covered": 100.0,
            "percent_covered_display": "100",
            "missing_lines": 0,
            "excluded_lines": 0
          },
          "missing_lines": [],
          "excluded_lines": []
        }
      }
    },
    "url-shortener/testing/test_api/test_api_v1/test_short_urls/test_views/test_list_views/test_create.py": {
      "executed_lines": [
        1,
        2,
        3,
        4,
        6,
        7,
        8,
        9,
        11,
        12,
        13,
        15,
        18,
        22,
        23,
        24,
        34,
        35,
        36,
        37,
        38,
        39,
        40,
        41,
        44,
        48,
        49,
        50,
        51,
        52,
        53,
        54,
        55,
        58,
        60,
        66,
        70,
        71,
        72,
        73,
        74,
        76,
        81,
        82,
        83,
        84,
        87,
        88
      ],
      "summary": {
        "covered_lines": 48,
        "num_statements": 48,
        "percent_covered": 100.0,
        "percent_covered_display": "100",
        "missing_lines": 0,
        "excluded_lines": 0
      },
      "missing_lines": [],
      "excluded_lines": [],
      "functions": {
        "test_create_short_url": {
          "executed_lines": [
            22,
            23,
            24,
            34,
            35,
            36,
            37,
            38,
            39,
            40,
            41
          ],
          "summary": {
            "covered_lines": 11,
            "num_statements": 11,
            "percent_covered": 100.0,
            "percent_covered_display": "100",
            "missing_lines": 0,
            "excluded_lines": 0
          },
          "missing_lines": [],
          "excluded_lines": []
        },
        "test_create_short_url_already_exists": {
          "executed_lines": [
            48,
            49,
            50,
            51,
            52,
            53,
            54,
            55
          ],
          "summary": {
            "covered_lines": 8,
            "num_statements": 8,
            "percent_covered": 100.0,
            "percent_covered_display": "100",
            "missing_lines": 0,
            "excluded_lines": 0
          },
          "missing_lines": [],
          "excluded_lines": []
        },
        "TestCreateInvalid.short_url_create_values": {
          "executed_lines": [
            70,
            71,
            72,
            73,
            74
          ],
          "summary": {
            "covered_lines": 5,
            "num_statements": 5,
            "percent_covered": 100.0,
            "percent_covered_display": "100",
            "missing_lines": 0,
            "excluded_lines": 0
          },
          "missing_lines": [],
          "excluded_lines": []
        },
        "TestCreateInvalid.test_invalid_slug": {
          "executed_lines": [
            81,
            82,
            83,
            84,
            87,
            88
          ],
          "summary": {
            "covered_lines": 6,
            "num_statements": 6,
            "percent_covered": 100.0,
            "percent_covered_display": "100",
            "missing_lines": 0,
            "excluded_lines": 0
          },
          "missing_lines": [],
          "excluded_lines": []
        },
        "": {
          "executed_lines": [
            1,
            2,
            3,
            4,
            6,
            7,
            8,
            9,
            11,
            12,
            13,
            15,
            18,
            44,
            58,
            60,
            66,
            76
          ],
          "summary": {
            "covered_lines": 18,
            "num_statements": 18,
            "percent_covered": 100.0,
            "percent_covered_display": "100",
            "missing_lines": 0,
            "excluded_lines": 0
          },
          "missing_lines": [],
          "excluded_lines": []
        }
      },
      "classes": {
        "TestCreateInvalid": {
          "executed_lines": [
            70,
            71,
            72,
            73,
            74,
            81,
            82,
            83,
            84,
            87,
            88
          ],
          "summary": {
            "covered_lines": 11,
            "num_statements": 11,
            "percent_covered": 100.0,
            "percent_covered_display": "100",
            "missing_lines": 0,
            "excluded_lines": 0
          },
          "missing_lines": [],
          "excluded_lines": []
        },
        "": {
          "executed_lines": [
            1,
            2,
            3,
            4,
            6,
            7,
            8,
            9,
            11,
            12,
            13,
            15,
            18,
            22,
            23,
            24,
            34,
            35,
            36,
            37,
            38,
            39,
            40,
            41,
            44,
            48,
            49,
            50,
            51,
            52,
            53,
            54,
            55,
            58,
            60,
            66,
            76
          ],
          "summary": {
            "covered_lines": 37,
            "num_statements": 37,
            "percent_covered": 100.0,
            "percent_covered_display": "100",
            "missing_lines": 0,
            "excluded_lines": 0
          },
          "missing_lines": [],
          "excluded_lines": []
        }
      }
    },
    "url-shortener/testing/test_api/test_views.py": {
      "executed_lines": [
        1,
        2,
        3,
        5,
        8,
        9,
        10,
        11,
        12,
        13,
        16,
        26,
        30,
        31,
        32,
        33,
        34,
        35
      ],
      "summary": {
        "covered_lines": 18,
        "num_statements": 18,
        "percent_covered": 100.0,
        "percent_covered_display": "100",
        "missing_lines": 0,
        "excluded_lines": 0
      },
      "missing_lines": [],
      "excluded_lines": [],
      "functions": {
        "test_root_view": {
          "executed_lines": [
            9,
            10,
            11,
            12,
            13
          ],
          "summary": {
            "covered_lines": 5,
            "num_statements": 5,
            "percent_covered": 100.0,
            "percent_covered_display": "100",
            "missing_lines": 0,
            "excluded_lines": 0
          },
          "missing_lines": [],
          "excluded_lines": []
        },
        "test_root_view_custom_name": {
          "executed_lines": [
            30,
            31,
            32,
            33,
            34,
            35
          ],
          "summary": {
            "covered_lines": 6,
            "num_statements": 6,
            "percent_covered": 100.0,
            "percent_covered_display": "100",
            "missing_lines": 0,
            "excluded_lines": 0
          },
          "missing_lines": [],
          "excluded_lines": []
        },
        "": {
          "executed_lines": [
            1,
            2,
            3,
            5,
            8,
            16,
            26
          ],
          "summary": {
            "covered_lines": 7,
            "num_statements": 7,
            "percent_covered": 100.0,
            "percent_covered_display": "100",
            "missing_lines": 0,
            "excluded_lines": 0
          },
          "missing_lines": [],
          "excluded_lines": []
        }
      },
      "classes": {
        "": {
          "executed_lines": [
            1,
            2,
            3,
            5,
            8,
            9,
            10,
            11,
            12,
            13,
            16,
            26,
            30,
            31,
            32,
            33,
            34,
            35
          ],
          "summary": {
            "covered_lines": 18,
            "num_statements": 18,
            "percent_covered": 100.0,
            "percent_covered_display": "100",
            "missing_lines": 0,
            "excluded_lines": 0
          },
          "missing_lines": [],
          "excluded_lines": []
        }
      }
    },
    "url-shortener/testing/test_schemas/__init__.py": {
      "executed_lines": [
        0
      ],
      "summary": {
        "covered_lines": 0,
        "num_statements": 0,
        "percent_covered": 100.0,
        "percent_covered_display": "100",
        "missing_lines": 0,
        "excluded_lines": 0
      },
      "missing_lines": [],
      "excluded_lines": [],
      "functions": {
        "": {
          "executed_lines": [],
          "summary": {
            "covered_lines": 0,
            "num_statements": 0,
            "percent_covered": 100.0,
            "percent_covered_display": "100",
            "missing_lines": 0,
            "excluded_lines": 0
          },
          "missing_lines": [],
          "excluded_lines": []
        }
      },
      "classes": {
        "": {
          "executed_lines": [],
          "summary": {
            "covered_lines": 0,
            "num_statements": 0,
            "percent_covered": 100.0,
            "percent_covered_display": "100",
            "missing_lines": 0,
            "excluded_lines": 0
          },
          "missing_lines": [],
          "excluded_lines": []
        }
      }
    },
    "url-shortener/testing/test_schemas/test_short_url.py": {
      "executed_lines": [
        1,
        3,
        5,
        13,
        14,
        15,
        20,
        23,
        27,
        31,
        36,
        37,
        41,
        45,
        49,
        54,
        55,
        59,
        63,
        67,
        72,
        73,
        82,
        83,
        84,
        89,
        94,
        95,
        96,
        101,
        102,
        103,
        105,
        106,
        110
      ],
      "summary": {
        "covered_lines": 35,
        "num_statements": 35,
        "percent_covered": 100.0,
        "percent_covered_display": "100",
        "missing_lines": 0,
        "excluded_lines": 0
      },
      "missing_lines": [],
      "excluded_lines": [],
      "functions": {
        "ShortUrlCreateTestCase.test_short_url_can_be_created_from_create_schemas": {
          "executed_lines": [
            15,
            20,
            23,
            27,
            31
          ],
          "summary": {
            "covered_lines": 5,
            "num_statements": 5,
            "percent_covered": 100.0,
            "percent_covered_display": "100",
            "missing_lines": 0,
            "excluded_lines": 0
          },
          "missing_lines": [],
          "excluded_lines": []
        },
        "ShortUrlCreateTestCase.test_short_url_can_be_update_from_schemas": {
          "executed_lines": [
            37,
            41,
            45,
            49
          ],
          "summary": {
            "covered_lines": 4,
            "num_statements": 4,
            "percent_covered": 100.0,
            "percent_covered_display": "100",
            "missing_lines": 0,
            "excluded_lines": 0
          },
          "missing_lines": [],
          "excluded_lines": []
        },
        "ShortUrlCreateTestCase.test_short_url_can_be_update_partial_from_schemas": {
          "executed_lines": [
            55,
            59,
            63,
            67
          ],
          "summary": {
            "covered_lines": 4,
            "num_statements": 4,
            "percent_covered": 100.0,
            "percent_covered_display": "100",
            "missing_lines": 0,
            "excluded_lines": 0
          },
          "missing_lines": [],
          "excluded_lines": []
        },
        "ShortUrlCreateTestCase.test_short_url_create_accepts_different_urls": {
          "executed_lines": [
            73,
            82,
            83,
            84,
            89
          ],
          "summary": {
            "covered_lines": 5,
            "num_statements": 5,
            "percent_covered": 100.0,
            "percent_covered_display": "100",
            "missing_lines": 0,
            "excluded_lines": 0
          },
          "missing_lines": [],
          "excluded_lines": []
        },
        "ShortUrlCreateTestCase.test_short_url_slug_to_short": {
          "executed_lines": [
            95,
            96,
            101,
            102,
            103
          ],
          "summary": {
            "covered_lines": 5,
            "num_statements": 5,
            "percent_covered": 100.0,
            "percent_covered_display": "100",
            "missing_lines": 0,
            "excluded_lines": 0
          },
          "missing_lines": [],
          "excluded_lines": []
        },
        "ShortUrlCreateTestCase.test_short_url_slug_to_regex": {
          "executed_lines": [
            106,
            110
          ],
          "summary": {
            "covered_lines": 2,
            "num_statements": 2,
            "percent_covered": 100.0,
            "percent_covered_display": "100",
            "missing_lines": 0,
            "excluded_lines": 0
          },
          "missing_lines": [],
          "excluded_lines": []
        },
        "": {
          "executed_lines": [
            1,
            3,
            5,
            13,
            14,
            36,
            54,
            72,
            94,
            105
          ],
          "summary": {
            "covered_lines": 10,
            "num_statements": 10,
            "percent_covered": 100.0,
            "percent_covered_display": "100",
            "missing_lines": 0,
            "excluded_lines": 0
          },
          "missing_lines": [],
          "excluded_lines": []
        }
      },
      "classes": {
        "ShortUrlCreateTestCase": {
          "executed_lines": [
            15,
            20,
            23,
            27,
            31,
            37,
            41,
            45,
            49,
            55,
            59,
            63,
            67,
            73,
            82,
            83,
            84,
            89,
            95,
            96,
            101,
            102,
            103,
            106,
            110
          ],
          "summary": {
            "covered_lines": 25,
            "num_statements": 25,
            "percent_covered": 100.0,
            "percent_covered_display": "100",
            "missing_lines": 0,
            "excluded_lines": 0
          },
          "missing_lines": [],
          "excluded_lines": []
        },
        "": {
          "executed_lines": [
            1,
            3,
            5,
            13,
            14,
            36,
            54,
            72,
            94,
            105
          ],
          "summary": {
            "covered_lines": 10,
            "num_statements": 10,
            "percent_covered": 100.0,
            "percent_covered_display": "100",
            "missing_lines": 0,
            "excluded_lines": 0
          },
          "missing_lines": [],
          "excluded_lines": []
        }
      }
    },
    "url-shortener/testing/test_schemas/test_user.py": {
      "executed_lines": [
        1,
        2,
        3,
        5,
        8,
        11,
        16,
        20,
        21,
        24,
        28
      ],
      "summary": {
        "covered_lines": 11,
        "num_statements": 15,
        "percent_covered": 73.33333333333333,
        "percent_covered_display": "73",
        "missing_lines": 4,
        "excluded_lines": 0
      },
      "missing_lines": [
        12,
        13,
        29,
        30
      ],
      "excluded_lines": [],
      "functions": {
        "test_user_schema": {
          "executed_lines": [],
          "summary": {
            "covered_lines": 0,
            "num_statements": 2,
            "percent_covered": 0.0,
            "percent_covered_display": "0",
            "missing_lines": 2,
            "excluded_lines": 0
          },
          "missing_lines": [
            12,
            13
          ],
          "excluded_lines": []
        },
        "test_platform": {
          "executed_lines": [
            21
          ],
          "summary": {
            "covered_lines": 1,
            "num_statements": 1,
            "percent_covered": 100.0,
            "percent_covered_display": "100",
            "missing_lines": 0,
            "excluded_lines": 0
          },
          "missing_lines": [],
          "excluded_lines": []
        },
        "test_only_for_windows": {
          "executed_lines": [],
          "summary": {
            "covered_lines": 0,
            "num_statements": 2,
            "percent_covered": 0.0,
            "percent_covered_display": "0",
            "missing_lines": 2,
            "excluded_lines": 0
          },
          "missing_lines": [
            29,
            30
          ],
          "excluded_lines": []
        },
        "": {
          "executed_lines": [
            1,
            2,
            3,
            5,
            8,
            11,
            16,
            20,
            24,
            28
          ],
          "summary": {
            "covered_lines": 10,
            "num_statements": 10,
            "percent_covered": 100.0,
            "percent_covered_display": "100",
            "missing_lines": 0,
            "excluded_lines": 0
          },
          "missing_lines": [],
          "excluded_lines": []
        }
      },
      "classes": {
        "": {
          "executed_lines": [
            1,
            2,
            3,
            5,
            8,
            11,
            16,
            20,
            21,
            24,
            28
          ],
          "summary": {
            "covered_lines": 11,
            "num_statements": 15,
            "percent_covered": 73.33333333333333,
            "percent_covered_display": "73",
            "missing_lines": 4,
            "excluded_lines": 0
          },
          "missing_lines": [
            12,
            13,
            29,
            30
          ],
          "excluded_lines": []
        }
      }
    }
  },
  "totals": {
    "covered_lines": 556,
    "num_statements": 666,
    "percent_covered": 83.48348348348348,
    "percent_covered_display": "83",
    "missing_lines": 110,
    "excluded_lines": 0
  }
}
